2026-02-18 16:12:19,841 - INFO - Libraries: Row 2 inserted.
2026-02-18 16:12:19,843 - INFO - Libraries: Row 3 duplicate.
2026-02-18 16:12:19,845 - INFO - Libraries: Row 4 error: 1 validation error for LibrarySchema
contact_email
  value is not a valid email address: The part after the @-sign is not valid. It should have a period. [type=value_error, input_value='westside@library', input_type=str]
2026-02-18 16:12:19,846 - INFO - Libraries: Row 5 inserted.
2026-02-18 16:12:19,848 - INFO - Libraries: Row 6 duplicate.
2026-02-18 16:12:19,848 - INFO - Libraries: Row 7 error: 1 validation error for LibrarySchema
contact_email
  value is not a valid email address: The part after the @-sign is not valid. It should have a period. [type=value_error, input_value='southbranch@gmail', input_type=str]
2026-02-18 16:12:19,853 - INFO - Libraries: Row 8 inserted.
2026-02-18 16:12:19,855 - INFO - Libraries: Row 9 inserted.
2026-02-18 16:12:19,856 - INFO - Libraries: Row 10 inserted.
2026-02-18 16:12:19,856 - INFO - Libraries: Row 11 error: 1 validation error for LibrarySchema
phone_number
  Value error, Invalid phone number [type=value_error, input_value='555666777', input_type=str]
    For further information visit https://errors.pydantic.dev/2.12/v/value_error
2026-02-18 16:12:19,857 - INFO - Libraries: Row 12 inserted.
2026-02-18 16:12:19,862 - INFO - Libraries: Row 13 inserted.
2026-02-18 16:12:19,862 - INFO - Libraries: Row 14 error: 1 validation error for LibrarySchema
contact_email
  value is not a valid email address: The part after the @-sign is not valid. It should have a period. [type=value_error, input_value='village@library', input_type=str]
2026-02-18 16:12:19,863 - INFO - Libraries: Row 15 inserted.
2026-02-18 16:12:19,864 - INFO - Libraries: Row 16 inserted.
2026-02-18 16:12:19,866 - INFO - Authors: Row 2 inserted.
2026-02-18 16:12:19,866 - INFO - Authors: Row 3 error: 1 validation error for AuthorSchema
birth_date
  Input should be a valid date or datetime, invalid date separator, expected `-` [type=date_from_datetime_parsing, input_value='1965/07/31', input_type=str]
    For further information visit https://errors.pydantic.dev/2.12/v/date_from_datetime_parsing
2026-02-18 16:12:19,867 - INFO - Authors: Row 4 inserted.
2026-02-18 16:12:19,868 - INFO - Authors: Row 5 inserted.
2026-02-18 16:12:19,869 - INFO - Authors: Row 6 inserted.
2026-02-18 16:12:19,870 - INFO - Authors: Row 7 error: 1 validation error for AuthorSchema
birth_date
  Input should be a valid date or datetime, invalid date separator, expected `-` [type=date_from_datetime_parsing, input_value='1890/09/15', input_type=str]
    For further information visit https://errors.pydantic.dev/2.12/v/date_from_datetime_parsing
2026-02-18 16:12:19,870 - INFO - Authors: Row 8 inserted.
2026-02-18 16:12:19,871 - INFO - Authors: Row 9 inserted.
2026-02-18 16:12:19,872 - INFO - Authors: Row 10 inserted.
2026-02-18 16:12:19,872 - INFO - Authors: Row 11 error: 1 validation error for AuthorSchema
birth_date
  Input should be a valid date or datetime, invalid character in year [type=date_from_datetime_parsing, input_value='invalid-date', input_type=str]
    For further information visit https://errors.pydantic.dev/2.12/v/date_from_datetime_parsing
2026-02-18 16:12:19,873 - INFO - Authors: Row 12 inserted.
2026-02-18 16:12:19,874 - INFO - Authors: Row 13 inserted.
2026-02-18 16:12:19,874 - INFO - Authors: Row 14 inserted.
2026-02-18 16:12:19,875 - INFO - Authors: Row 15 inserted.
2026-02-18 16:12:19,875 - INFO - Authors: Row 16 error: 1 validation error for AuthorSchema
birth_date
  Input should be a valid date or datetime, input is too short [type=date_from_datetime_parsing, input_value='', input_type=str]
    For further information visit https://errors.pydantic.dev/2.12/v/date_from_datetime_parsing
2026-02-18 16:12:19,880 - INFO - Books: Row 2 inserted.
2026-02-18 16:12:19,880 - INFO - Books: Row 3 error: 1 validation error for BookSchema
publication_date
  Input should be a valid date or datetime, invalid date separator, expected `-` [type=date_from_datetime_parsing, input_value='1997/06/26', input_type=str]
    For further information visit https://errors.pydantic.dev/2.12/v/date_from_datetime_parsing
2026-02-18 16:12:19,882 - INFO - Books: Row 4 inserted.
2026-02-18 16:12:19,883 - INFO - Books: Row 5 inserted.
2026-02-18 16:12:19,885 - INFO - Books: Row 6 inserted.
2026-02-18 16:12:19,885 - INFO - Books: Row 7 error: Library with ID 5 not found.
2026-02-18 16:12:19,887 - INFO - Books: Row 8 inserted.
2026-02-18 16:12:19,887 - INFO - Books: Row 9 error: Library with ID 7 not found.
2026-02-18 16:12:19,889 - INFO - Books: Row 10 inserted.
2026-02-18 16:12:19,889 - INFO - Books: Row 11 error: 1 validation error for BookSchema
isbn
  Value error, Invalid ISBN [type=value_error, input_value='1234567890', input_type=str]
    For further information visit https://errors.pydantic.dev/2.12/v/value_error
2026-02-18 16:12:19,890 - INFO - Books: Row 12 inserted.
2026-02-18 16:12:19,892 - INFO - Books: Row 13 duplicate.
2026-02-18 16:12:19,892 - INFO - Books: Row 14 error: 1 validation error for BookSchema
publication_date
  Input should be a valid date or datetime, input is too short [type=date_from_datetime_parsing, input_value='', input_type=str]
    For further information visit https://errors.pydantic.dev/2.12/v/date_from_datetime_parsing
2026-02-18 16:12:19,892 - INFO - Books: Row 15 error: 1 validation error for BookSchema
isbn
  Value error, Invalid ISBN [type=value_error, input_value='ABC-DEF-GHI', input_type=str]
    For further information visit https://errors.pydantic.dev/2.12/v/value_error
2026-02-18 16:12:19,893 - INFO - Books: Row 16 duplicate.
2026-02-18 16:12:19,896 - INFO - Members: Row 2 inserted.
2026-02-18 16:12:19,897 - INFO - Members: Row 3 duplicate. Error: (psycopg2.errors.UniqueViolation) duplicate key value violates unique constraint "member_contact_email_key"
DETAIL:  Key (contact_email)=(johndoe@gmail.com) already exists.

[SQL: INSERT INTO member (first_name, last_name, contact_email, phone_number, member_type, registration_date) VALUES (%(first_name)s, %(last_name)s, %(contact_email)s, %(phone_number)s, %(member_type)s, %(registration_date)s) RETURNING member.member_id]
[parameters: {'first_name': 'John', 'last_name': 'Doe', 'contact_email': 'johndoe@gmail.com', 'phone_number': '+11234567890', 'member_type': 'Student', 'registration_date': datetime.date(2023, 1, 1)}]
(Background on this error at: https://sqlalche.me/e/20/gkpj)
2026-02-18 16:12:19,897 - INFO - Members: Row 4 error: 1 validation error for MemberSchema
contact_email
  value is not a valid email address: The part after the @-sign is not valid. It should have a period. [type=value_error, input_value='janesmith@gmail', input_type=str]
2026-02-18 16:12:19,898 - INFO - Members: Row 5 inserted.
2026-02-18 16:12:19,899 - INFO - Members: Row 6 inserted.
2026-02-18 16:12:19,900 - INFO - Members: Row 7 inserted.
2026-02-18 16:12:19,901 - INFO - Members: Row 8 error: 1 validation error for MemberSchema
contact_email
  value is not a valid email address: The part after the @-sign is not valid. It should have a period. [type=value_error, input_value='charlie@domain', input_type=str]
2026-02-18 16:12:19,902 - INFO - Members: Row 9 inserted.
2026-02-18 16:12:19,903 - INFO - Members: Row 10 inserted.
2026-02-18 16:12:19,904 - INFO - Members: Row 11 inserted.
2026-02-18 16:12:19,905 - INFO - Members: Row 12 inserted.
2026-02-18 16:12:19,905 - INFO - Members: Row 13 error: 1 validation error for MemberSchema
phone_number
  Value error, Invalid phone number [type=value_error, input_value='888999000', input_type=str]
    For further information visit https://errors.pydantic.dev/2.12/v/value_error
2026-02-18 16:12:19,906 - INFO - Members: Row 14 inserted.
2026-02-18 16:12:19,907 - INFO - Members: Row 15 error: 1 validation error for MemberSchema
registration_date
  Input should be a valid date or datetime, invalid character in year [type=date_from_datetime_parsing, input_value='invalid-date', input_type=str]
    For further information visit https://errors.pydantic.dev/2.12/v/date_from_datetime_parsing
2026-02-18 16:12:19,908 - INFO - Members: Row 16 inserted.
